<?xml version="1.0" encoding="UTF-8"?>
<testsuite xmlns:xsi="http://www.w3.org/2001/XMLSchema-instance" xsi:noNamespaceSchemaLocation="https://maven.apache.org/surefire/maven-surefire-plugin/xsd/surefire-test-report-3.0.xsd" version="3.0" name="org.wj.prajumsook.RunAccountIntegrationTest" time="0.594" tests="3" errors="0" skipped="0" failures="0">
  <properties>
    <property name="java.specification.version" value="15"/>
    <property name="sun.jnu.encoding" value="UTF-8"/>
    <property name="java.class.path" value="/Users/wjprajumsook/Documents/devtools/java-uppgifter/github/java-uppgifter/account-app-integrationtest/target/test-classes:/Users/wjprajumsook/Documents/devtools/java-uppgifter/github/java-uppgifter/account-app-integrationtest/target/classes:/Users/wjprajumsook/.m2/repository/jakarta/platform/jakarta.jakartaee-api/9.0.0/jakarta.jakartaee-api-9.0.0.jar:/Users/wjprajumsook/.m2/repository/jakarta/enterprise/jakarta.enterprise.cdi-api/2.0.2/jakarta.enterprise.cdi-api-2.0.2.jar:/Users/wjprajumsook/.m2/repository/jakarta/interceptor/jakarta.interceptor-api/1.2.5/jakarta.interceptor-api-1.2.5.jar:/Users/wjprajumsook/.m2/repository/jakarta/inject/jakarta.inject-api/1.0/jakarta.inject-api-1.0.jar:/Users/wjprajumsook/.m2/repository/jakarta/ws/rs/jakarta.ws.rs-api/2.1.6/jakarta.ws.rs-api-2.1.6.jar:/Users/wjprajumsook/.m2/repository/jakarta/json/bind/jakarta.json.bind-api/1.0.2/jakarta.json.bind-api-1.0.2.jar:/Users/wjprajumsook/.m2/repository/jakarta/json/jakarta.json-api/1.1.6/jakarta.json-api-1.1.6.jar:/Users/wjprajumsook/.m2/repository/jakarta/annotation/jakarta.annotation-api/1.3.5/jakarta.annotation-api-1.3.5.jar:/Users/wjprajumsook/.m2/repository/org/eclipse/microprofile/config/microprofile-config-api/2.0/microprofile-config-api-2.0.jar:/Users/wjprajumsook/.m2/repository/org/eclipse/microprofile/fault-tolerance/microprofile-fault-tolerance-api/3.0/microprofile-fault-tolerance-api-3.0.jar:/Users/wjprajumsook/.m2/repository/org/eclipse/microprofile/health/microprofile-health-api/3.0/microprofile-health-api-3.0.jar:/Users/wjprajumsook/.m2/repository/org/eclipse/microprofile/metrics/microprofile-metrics-api/3.0/microprofile-metrics-api-3.0.jar:/Users/wjprajumsook/.m2/repository/org/eclipse/microprofile/jwt/microprofile-jwt-auth-api/1.2/microprofile-jwt-auth-api-1.2.jar:/Users/wjprajumsook/.m2/repository/org/eclipse/microprofile/openapi/microprofile-openapi-api/2.0/microprofile-openapi-api-2.0.jar:/Users/wjprajumsook/.m2/repository/org/eclipse/microprofile/rest/client/microprofile-rest-client-api/2.0/microprofile-rest-client-api-2.0.jar:/Users/wjprajumsook/.m2/repository/org/eclipse/microprofile/opentracing/microprofile-opentracing-api/2.0/microprofile-opentracing-api-2.0.jar:/Users/wjprajumsook/.m2/repository/org/apache/cxf/cxf-rt-rs-client/3.4.3/cxf-rt-rs-client-3.4.3.jar:/Users/wjprajumsook/.m2/repository/org/apache/cxf/cxf-rt-transports-http/3.4.3/cxf-rt-transports-http-3.4.3.jar:/Users/wjprajumsook/.m2/repository/org/apache/cxf/cxf-core/3.4.3/cxf-core-3.4.3.jar:/Users/wjprajumsook/.m2/repository/org/glassfish/jaxb/jaxb-runtime/2.3.3/jaxb-runtime-2.3.3.jar:/Users/wjprajumsook/.m2/repository/org/glassfish/jaxb/txw2/2.3.3/txw2-2.3.3.jar:/Users/wjprajumsook/.m2/repository/com/sun/istack/istack-commons-runtime/3.0.11/istack-commons-runtime-3.0.11.jar:/Users/wjprajumsook/.m2/repository/com/fasterxml/woodstox/woodstox-core/6.2.4/woodstox-core-6.2.4.jar:/Users/wjprajumsook/.m2/repository/org/codehaus/woodstox/stax2-api/4.2.1/stax2-api-4.2.1.jar:/Users/wjprajumsook/.m2/repository/org/apache/ws/xmlschema/xmlschema-core/2.2.5/xmlschema-core-2.2.5.jar:/Users/wjprajumsook/.m2/repository/jakarta/xml/bind/jakarta.xml.bind-api/2.3.3/jakarta.xml.bind-api-2.3.3.jar:/Users/wjprajumsook/.m2/repository/org/apache/cxf/cxf-rt-frontend-jaxrs/3.4.3/cxf-rt-frontend-jaxrs-3.4.3.jar:/Users/wjprajumsook/.m2/repository/org/apache/cxf/cxf-rt-security/3.4.3/cxf-rt-security-3.4.3.jar:/Users/wjprajumsook/.m2/repository/jakarta/xml/ws/jakarta.xml.ws-api/2.3.3/jakarta.xml.ws-api-2.3.3.jar:/Users/wjprajumsook/.m2/repository/jakarta/jws/jakarta.jws-api/2.1.0/jakarta.jws-api-2.1.0.jar:/Users/wjprajumsook/.m2/repository/jakarta/xml/soap/jakarta.xml.soap-api/1.4.2/jakarta.xml.soap-api-1.4.2.jar:/Users/wjprajumsook/.m2/repository/jakarta/activation/jakarta.activation-api/1.2.2/jakarta.activation-api-1.2.2.jar:/Users/wjprajumsook/.m2/repository/com/sun/activation/jakarta.activation/1.2.2/jakarta.activation-1.2.2.jar:/Users/wjprajumsook/.m2/repository/com/sun/xml/messaging/saaj/saaj-impl/1.5.2/saaj-impl-1.5.2.jar:/Users/wjprajumsook/.m2/repository/org/jvnet/staxex/stax-ex/1.8.3/stax-ex-1.8.3.jar:/Users/wjprajumsook/.m2/repository/org/apache/geronimo/specs/geronimo-jta_1.1_spec/1.1.1/geronimo-jta_1.1_spec-1.1.1.jar:/Users/wjprajumsook/.m2/repository/org/jboss/spec/javax/rmi/jboss-rmi-api_1.0_spec/1.0.6.Final/jboss-rmi-api_1.0_spec-1.0.6.Final.jar:/Users/wjprajumsook/.m2/repository/org/apache/cxf/cxf-rt-rs-extension-providers/3.4.3/cxf-rt-rs-extension-providers-3.4.3.jar:/Users/wjprajumsook/.m2/repository/org/glassfish/javax.json/1.1.4/javax.json-1.1.4.jar:/Users/wjprajumsook/.m2/repository/com/fasterxml/jackson/core/jackson-databind/2.13.0/jackson-databind-2.13.0.jar:/Users/wjprajumsook/.m2/repository/com/fasterxml/jackson/core/jackson-annotations/2.13.0/jackson-annotations-2.13.0.jar:/Users/wjprajumsook/.m2/repository/com/fasterxml/jackson/core/jackson-core/2.13.0/jackson-core-2.13.0.jar:/Users/wjprajumsook/.m2/repository/org/projectlombok/lombok/1.18.22/lombok-1.18.22.jar:/Users/wjprajumsook/.m2/repository/io/cucumber/cucumber-java/7.0.0/cucumber-java-7.0.0.jar:/Users/wjprajumsook/.m2/repository/io/cucumber/cucumber-core/7.0.0/cucumber-core-7.0.0.jar:/Users/wjprajumsook/.m2/repository/io/cucumber/cucumber-gherkin/7.0.0/cucumber-gherkin-7.0.0.jar:/Users/wjprajumsook/.m2/repository/io/cucumber/cucumber-gherkin-messages/7.0.0/cucumber-gherkin-messages-7.0.0.jar:/Users/wjprajumsook/.m2/repository/io/cucumber/messages/17.1.1/messages-17.1.1.jar:/Users/wjprajumsook/.m2/repository/io/cucumber/tag-expressions/4.0.2/tag-expressions-4.0.2.jar:/Users/wjprajumsook/.m2/repository/io/cucumber/cucumber-expressions/13.0.1/cucumber-expressions-13.0.1.jar:/Users/wjprajumsook/.m2/repository/io/cucumber/datatable/7.0.0/datatable-7.0.0.jar:/Users/wjprajumsook/.m2/repository/io/cucumber/cucumber-plugin/7.0.0/cucumber-plugin-7.0.0.jar:/Users/wjprajumsook/.m2/repository/io/cucumber/docstring/7.0.0/docstring-7.0.0.jar:/Users/wjprajumsook/.m2/repository/io/cucumber/html-formatter/17.0.0/html-formatter-17.0.0.jar:/Users/wjprajumsook/.m2/repository/io/cucumber/create-meta/6.0.1/create-meta-6.0.1.jar:/Users/wjprajumsook/.m2/repository/org/apiguardian/apiguardian-api/1.1.2/apiguardian-api-1.1.2.jar:/Users/wjprajumsook/.m2/repository/io/cucumber/cucumber-junit-platform-engine/7.0.0/cucumber-junit-platform-engine-7.0.0.jar:/Users/wjprajumsook/.m2/repository/org/junit/platform/junit-platform-engine/1.8.1/junit-platform-engine-1.8.1.jar:/Users/wjprajumsook/.m2/repository/org/opentest4j/opentest4j/1.2.0/opentest4j-1.2.0.jar:/Users/wjprajumsook/.m2/repository/org/junit/platform/junit-platform-commons/1.8.1/junit-platform-commons-1.8.1.jar:/Users/wjprajumsook/.m2/repository/org/junit/platform/junit-platform-suite/1.8.1/junit-platform-suite-1.8.1.jar:/Users/wjprajumsook/.m2/repository/org/junit/platform/junit-platform-suite-api/1.8.1/junit-platform-suite-api-1.8.1.jar:/Users/wjprajumsook/.m2/repository/org/junit/platform/junit-platform-suite-engine/1.8.1/junit-platform-suite-engine-1.8.1.jar:/Users/wjprajumsook/.m2/repository/org/junit/platform/junit-platform-suite-commons/1.8.1/junit-platform-suite-commons-1.8.1.jar:/Users/wjprajumsook/.m2/repository/org/junit/platform/junit-platform-launcher/1.8.1/junit-platform-launcher-1.8.1.jar:/Users/wjprajumsook/.m2/repository/org/junit/jupiter/junit-jupiter/5.8.1/junit-jupiter-5.8.1.jar:/Users/wjprajumsook/.m2/repository/org/junit/jupiter/junit-jupiter-api/5.8.1/junit-jupiter-api-5.8.1.jar:/Users/wjprajumsook/.m2/repository/org/junit/jupiter/junit-jupiter-params/5.8.1/junit-jupiter-params-5.8.1.jar:/Users/wjprajumsook/.m2/repository/org/junit/jupiter/junit-jupiter-engine/5.8.1/junit-jupiter-engine-5.8.1.jar:/Users/wjprajumsook/.m2/repository/junit/junit/4.11/junit-4.11.jar:/Users/wjprajumsook/.m2/repository/org/hamcrest/hamcrest-core/1.3/hamcrest-core-1.3.jar:"/>
    <property name="java.vm.vendor" value="Oracle Corporation"/>
    <property name="sun.arch.data.model" value="64"/>
    <property name="java.vendor.url" value="https://openjdk.java.net/"/>
    <property name="user.timezone" value="Europe/Stockholm"/>
    <property name="os.name" value="Mac OS X"/>
    <property name="java.vm.specification.version" value="15"/>
    <property name="sun.java.launcher" value="SUN_STANDARD"/>
    <property name="user.country" value="GB"/>
    <property name="sun.boot.library.path" value="/usr/local/Cellar/openjdk/15.0.1/libexec/openjdk.jdk/Contents/Home/lib"/>
    <property name="sun.java.command" value="/Users/wjprajumsook/Documents/devtools/java-uppgifter/github/java-uppgifter/account-app-integrationtest/target/surefire/surefirebooter18288195944510449353.jar /Users/wjprajumsook/Documents/devtools/java-uppgifter/github/java-uppgifter/account-app-integrationtest/target/surefire 2021-11-05T14-33-35_025-jvmRun1 surefire2839817450547396774tmp surefire_02999493791455061647tmp"/>
    <property name="http.nonProxyHosts" value="local|*.local|169.254/16|*.169.254/16"/>
    <property name="jdk.debug" value="release"/>
    <property name="surefire.test.class.path" value="/Users/wjprajumsook/Documents/devtools/java-uppgifter/github/java-uppgifter/account-app-integrationtest/target/test-classes:/Users/wjprajumsook/Documents/devtools/java-uppgifter/github/java-uppgifter/account-app-integrationtest/target/classes:/Users/wjprajumsook/.m2/repository/jakarta/platform/jakarta.jakartaee-api/9.0.0/jakarta.jakartaee-api-9.0.0.jar:/Users/wjprajumsook/.m2/repository/jakarta/enterprise/jakarta.enterprise.cdi-api/2.0.2/jakarta.enterprise.cdi-api-2.0.2.jar:/Users/wjprajumsook/.m2/repository/jakarta/interceptor/jakarta.interceptor-api/1.2.5/jakarta.interceptor-api-1.2.5.jar:/Users/wjprajumsook/.m2/repository/jakarta/inject/jakarta.inject-api/1.0/jakarta.inject-api-1.0.jar:/Users/wjprajumsook/.m2/repository/jakarta/ws/rs/jakarta.ws.rs-api/2.1.6/jakarta.ws.rs-api-2.1.6.jar:/Users/wjprajumsook/.m2/repository/jakarta/json/bind/jakarta.json.bind-api/1.0.2/jakarta.json.bind-api-1.0.2.jar:/Users/wjprajumsook/.m2/repository/jakarta/json/jakarta.json-api/1.1.6/jakarta.json-api-1.1.6.jar:/Users/wjprajumsook/.m2/repository/jakarta/annotation/jakarta.annotation-api/1.3.5/jakarta.annotation-api-1.3.5.jar:/Users/wjprajumsook/.m2/repository/org/eclipse/microprofile/config/microprofile-config-api/2.0/microprofile-config-api-2.0.jar:/Users/wjprajumsook/.m2/repository/org/eclipse/microprofile/fault-tolerance/microprofile-fault-tolerance-api/3.0/microprofile-fault-tolerance-api-3.0.jar:/Users/wjprajumsook/.m2/repository/org/eclipse/microprofile/health/microprofile-health-api/3.0/microprofile-health-api-3.0.jar:/Users/wjprajumsook/.m2/repository/org/eclipse/microprofile/metrics/microprofile-metrics-api/3.0/microprofile-metrics-api-3.0.jar:/Users/wjprajumsook/.m2/repository/org/eclipse/microprofile/jwt/microprofile-jwt-auth-api/1.2/microprofile-jwt-auth-api-1.2.jar:/Users/wjprajumsook/.m2/repository/org/eclipse/microprofile/openapi/microprofile-openapi-api/2.0/microprofile-openapi-api-2.0.jar:/Users/wjprajumsook/.m2/repository/org/eclipse/microprofile/rest/client/microprofile-rest-client-api/2.0/microprofile-rest-client-api-2.0.jar:/Users/wjprajumsook/.m2/repository/org/eclipse/microprofile/opentracing/microprofile-opentracing-api/2.0/microprofile-opentracing-api-2.0.jar:/Users/wjprajumsook/.m2/repository/org/apache/cxf/cxf-rt-rs-client/3.4.3/cxf-rt-rs-client-3.4.3.jar:/Users/wjprajumsook/.m2/repository/org/apache/cxf/cxf-rt-transports-http/3.4.3/cxf-rt-transports-http-3.4.3.jar:/Users/wjprajumsook/.m2/repository/org/apache/cxf/cxf-core/3.4.3/cxf-core-3.4.3.jar:/Users/wjprajumsook/.m2/repository/org/glassfish/jaxb/jaxb-runtime/2.3.3/jaxb-runtime-2.3.3.jar:/Users/wjprajumsook/.m2/repository/org/glassfish/jaxb/txw2/2.3.3/txw2-2.3.3.jar:/Users/wjprajumsook/.m2/repository/com/sun/istack/istack-commons-runtime/3.0.11/istack-commons-runtime-3.0.11.jar:/Users/wjprajumsook/.m2/repository/com/fasterxml/woodstox/woodstox-core/6.2.4/woodstox-core-6.2.4.jar:/Users/wjprajumsook/.m2/repository/org/codehaus/woodstox/stax2-api/4.2.1/stax2-api-4.2.1.jar:/Users/wjprajumsook/.m2/repository/org/apache/ws/xmlschema/xmlschema-core/2.2.5/xmlschema-core-2.2.5.jar:/Users/wjprajumsook/.m2/repository/jakarta/xml/bind/jakarta.xml.bind-api/2.3.3/jakarta.xml.bind-api-2.3.3.jar:/Users/wjprajumsook/.m2/repository/org/apache/cxf/cxf-rt-frontend-jaxrs/3.4.3/cxf-rt-frontend-jaxrs-3.4.3.jar:/Users/wjprajumsook/.m2/repository/org/apache/cxf/cxf-rt-security/3.4.3/cxf-rt-security-3.4.3.jar:/Users/wjprajumsook/.m2/repository/jakarta/xml/ws/jakarta.xml.ws-api/2.3.3/jakarta.xml.ws-api-2.3.3.jar:/Users/wjprajumsook/.m2/repository/jakarta/jws/jakarta.jws-api/2.1.0/jakarta.jws-api-2.1.0.jar:/Users/wjprajumsook/.m2/repository/jakarta/xml/soap/jakarta.xml.soap-api/1.4.2/jakarta.xml.soap-api-1.4.2.jar:/Users/wjprajumsook/.m2/repository/jakarta/activation/jakarta.activation-api/1.2.2/jakarta.activation-api-1.2.2.jar:/Users/wjprajumsook/.m2/repository/com/sun/activation/jakarta.activation/1.2.2/jakarta.activation-1.2.2.jar:/Users/wjprajumsook/.m2/repository/com/sun/xml/messaging/saaj/saaj-impl/1.5.2/saaj-impl-1.5.2.jar:/Users/wjprajumsook/.m2/repository/org/jvnet/staxex/stax-ex/1.8.3/stax-ex-1.8.3.jar:/Users/wjprajumsook/.m2/repository/org/apache/geronimo/specs/geronimo-jta_1.1_spec/1.1.1/geronimo-jta_1.1_spec-1.1.1.jar:/Users/wjprajumsook/.m2/repository/org/jboss/spec/javax/rmi/jboss-rmi-api_1.0_spec/1.0.6.Final/jboss-rmi-api_1.0_spec-1.0.6.Final.jar:/Users/wjprajumsook/.m2/repository/org/apache/cxf/cxf-rt-rs-extension-providers/3.4.3/cxf-rt-rs-extension-providers-3.4.3.jar:/Users/wjprajumsook/.m2/repository/org/glassfish/javax.json/1.1.4/javax.json-1.1.4.jar:/Users/wjprajumsook/.m2/repository/com/fasterxml/jackson/core/jackson-databind/2.13.0/jackson-databind-2.13.0.jar:/Users/wjprajumsook/.m2/repository/com/fasterxml/jackson/core/jackson-annotations/2.13.0/jackson-annotations-2.13.0.jar:/Users/wjprajumsook/.m2/repository/com/fasterxml/jackson/core/jackson-core/2.13.0/jackson-core-2.13.0.jar:/Users/wjprajumsook/.m2/repository/org/projectlombok/lombok/1.18.22/lombok-1.18.22.jar:/Users/wjprajumsook/.m2/repository/io/cucumber/cucumber-java/7.0.0/cucumber-java-7.0.0.jar:/Users/wjprajumsook/.m2/repository/io/cucumber/cucumber-core/7.0.0/cucumber-core-7.0.0.jar:/Users/wjprajumsook/.m2/repository/io/cucumber/cucumber-gherkin/7.0.0/cucumber-gherkin-7.0.0.jar:/Users/wjprajumsook/.m2/repository/io/cucumber/cucumber-gherkin-messages/7.0.0/cucumber-gherkin-messages-7.0.0.jar:/Users/wjprajumsook/.m2/repository/io/cucumber/messages/17.1.1/messages-17.1.1.jar:/Users/wjprajumsook/.m2/repository/io/cucumber/tag-expressions/4.0.2/tag-expressions-4.0.2.jar:/Users/wjprajumsook/.m2/repository/io/cucumber/cucumber-expressions/13.0.1/cucumber-expressions-13.0.1.jar:/Users/wjprajumsook/.m2/repository/io/cucumber/datatable/7.0.0/datatable-7.0.0.jar:/Users/wjprajumsook/.m2/repository/io/cucumber/cucumber-plugin/7.0.0/cucumber-plugin-7.0.0.jar:/Users/wjprajumsook/.m2/repository/io/cucumber/docstring/7.0.0/docstring-7.0.0.jar:/Users/wjprajumsook/.m2/repository/io/cucumber/html-formatter/17.0.0/html-formatter-17.0.0.jar:/Users/wjprajumsook/.m2/repository/io/cucumber/create-meta/6.0.1/create-meta-6.0.1.jar:/Users/wjprajumsook/.m2/repository/org/apiguardian/apiguardian-api/1.1.2/apiguardian-api-1.1.2.jar:/Users/wjprajumsook/.m2/repository/io/cucumber/cucumber-junit-platform-engine/7.0.0/cucumber-junit-platform-engine-7.0.0.jar:/Users/wjprajumsook/.m2/repository/org/junit/platform/junit-platform-engine/1.8.1/junit-platform-engine-1.8.1.jar:/Users/wjprajumsook/.m2/repository/org/opentest4j/opentest4j/1.2.0/opentest4j-1.2.0.jar:/Users/wjprajumsook/.m2/repository/org/junit/platform/junit-platform-commons/1.8.1/junit-platform-commons-1.8.1.jar:/Users/wjprajumsook/.m2/repository/org/junit/platform/junit-platform-suite/1.8.1/junit-platform-suite-1.8.1.jar:/Users/wjprajumsook/.m2/repository/org/junit/platform/junit-platform-suite-api/1.8.1/junit-platform-suite-api-1.8.1.jar:/Users/wjprajumsook/.m2/repository/org/junit/platform/junit-platform-suite-engine/1.8.1/junit-platform-suite-engine-1.8.1.jar:/Users/wjprajumsook/.m2/repository/org/junit/platform/junit-platform-suite-commons/1.8.1/junit-platform-suite-commons-1.8.1.jar:/Users/wjprajumsook/.m2/repository/org/junit/platform/junit-platform-launcher/1.8.1/junit-platform-launcher-1.8.1.jar:/Users/wjprajumsook/.m2/repository/org/junit/jupiter/junit-jupiter/5.8.1/junit-jupiter-5.8.1.jar:/Users/wjprajumsook/.m2/repository/org/junit/jupiter/junit-jupiter-api/5.8.1/junit-jupiter-api-5.8.1.jar:/Users/wjprajumsook/.m2/repository/org/junit/jupiter/junit-jupiter-params/5.8.1/junit-jupiter-params-5.8.1.jar:/Users/wjprajumsook/.m2/repository/org/junit/jupiter/junit-jupiter-engine/5.8.1/junit-jupiter-engine-5.8.1.jar:/Users/wjprajumsook/.m2/repository/junit/junit/4.11/junit-4.11.jar:/Users/wjprajumsook/.m2/repository/org/hamcrest/hamcrest-core/1.3/hamcrest-core-1.3.jar:"/>
    <property name="sun.cpu.endian" value="little"/>
    <property name="user.home" value="/Users/wjprajumsook"/>
    <property name="user.language" value="en"/>
    <property name="java.specification.vendor" value="Oracle Corporation"/>
    <property name="java.version.date" value="2020-10-20"/>
    <property name="java.home" value="/usr/local/Cellar/openjdk/15.0.1/libexec/openjdk.jdk/Contents/Home"/>
    <property name="file.separator" value="/"/>
    <property name="basedir" value="/Users/wjprajumsook/Documents/devtools/java-uppgifter/github/java-uppgifter/account-app-integrationtest"/>
    <property name="java.vm.compressedOopsMode" value="Zero based"/>
    <property name="line.separator" value="&#10;"/>
    <property name="java.specification.name" value="Java Platform API Specification"/>
    <property name="java.vm.specification.vendor" value="Oracle Corporation"/>
    <property name="surefire.real.class.path" value="/Users/wjprajumsook/Documents/devtools/java-uppgifter/github/java-uppgifter/account-app-integrationtest/target/surefire/surefirebooter18288195944510449353.jar"/>
    <property name="sun.management.compiler" value="HotSpot 64-Bit Tiered Compilers"/>
    <property name="ftp.nonProxyHosts" value="local|*.local|169.254/16|*.169.254/16"/>
    <property name="java.runtime.version" value="15.0.1+9"/>
    <property name="user.name" value="wjprajumsook"/>
    <property name="path.separator" value=":"/>
    <property name="os.version" value="12.0.1"/>
    <property name="java.runtime.name" value="OpenJDK Runtime Environment"/>
    <property name="file.encoding" value="UTF-8"/>
    <property name="java.vm.name" value="OpenJDK 64-Bit Server VM"/>
    <property name="localRepository" value="/Users/wjprajumsook/.m2/repository"/>
    <property name="java.vendor.url.bug" value="https://bugreport.java.com/bugreport/"/>
    <property name="java.io.tmpdir" value="/var/folders/3z/1bpg29bj6_s3r0dqwtyz8g380000gn/T/"/>
    <property name="java.version" value="15.0.1"/>
    <property name="user.dir" value="/Users/wjprajumsook/Documents/devtools/java-uppgifter/github/java-uppgifter/account-app-integrationtest"/>
    <property name="os.arch" value="x86_64"/>
    <property name="java.vm.specification.name" value="Java Virtual Machine Specification"/>
    <property name="java.library.path" value="/Users/wjprajumsook/Library/Java/Extensions:/Library/Java/Extensions:/Network/Library/Java/Extensions:/System/Library/Java/Extensions:/usr/lib/java:."/>
    <property name="java.vm.info" value="mixed mode, sharing"/>
    <property name="java.vendor" value="N/A"/>
    <property name="java.vm.version" value="15.0.1+9"/>
    <property name="sun.io.unicode.encoding" value="UnicodeBig"/>
    <property name="socksNonProxyHosts" value="local|*.local|169.254/16|*.169.254/16"/>
    <property name="java.class.version" value="59.0"/>
  </properties>
  <testcase name="As a login user, I should be able to see all my accounts" classname="Bank account" time="0.436">
    <system-out><![CDATA[
Scenario: As a login user, I should be able to see all my accounts &amp#27;[90m# account/account.feature:3&amp#27;[0m
  &amp#27;[32mGiven &amp#27;[0m&amp#27;[32mI want to view all my account&amp#27;[0m                              &amp#27;[90m# org.wj.prajumsook.StepDefinitions.i_want_to_view_all_my_account()&amp#27;[0m
  &amp#27;[32mWhen &amp#27;[0m&amp#27;[32mI view Account tab in Web page&amp#27;[0m                              &amp#27;[90m# org.wj.prajumsook.StepDefinitions.i_view_account_tab_in_web_page()&amp#27;[0m
  &amp#27;[32mThen &amp#27;[0m&amp#27;[32mI should see all my account&amp#27;[0m                                 &amp#27;[90m# org.wj.prajumsook.StepDefinitions.i_should_see_all_my_account()&amp#27;[0m
]]></system-out>
  </testcase>
  <testcase name="As a login user, I should be able to create a new accounts" classname="Bank account" time="0.032">
    <system-out><![CDATA[
Scenario: As a login user, I should be able to create a new accounts &amp#27;[90m# account/account.feature:8&amp#27;[0m
  &amp#27;[32mGiven &amp#27;[0m&amp#27;[32mI want to create a new account&amp#27;[0m                               &amp#27;[90m# org.wj.prajumsook.StepDefinitions.i_want_to_create_a_new_account()&amp#27;[0m
  &amp#27;[32mWhen &amp#27;[0m&amp#27;[32mI create a new account&amp#27;[0m                                        &amp#27;[90m# org.wj.prajumsook.StepDefinitions.i_create_a_new_account()&amp#27;[0m
  &amp#27;[32mThen &amp#27;[0m&amp#27;[32mMy account should be created&amp#27;[0m                                  &amp#27;[90m# org.wj.prajumsook.StepDefinitions.my_account_should_be_created()&amp#27;[0m
]]></system-out>
  </testcase>
  <testcase name="As a login user, I should be able to see one of my account" classname="Bank account" time="0.021">
    <system-out><![CDATA[
Scenario: As a login user, I should be able to see one of my account &amp#27;[90m# account/account.feature:13&amp#27;[0m
  &amp#27;[32mGiven &amp#27;[0m&amp#27;[32mI want to view one of my account&amp#27;[0m                             &amp#27;[90m# org.wj.prajumsook.StepDefinitions.i_want_to_view_one_of_my_account()&amp#27;[0m
  &amp#27;[32mWhen &amp#27;[0m&amp#27;[32mI request to view an account with account id&amp#27;[0m                  &amp#27;[90m# org.wj.prajumsook.StepDefinitions.i_request_to_view_an_account_with_account_id()&amp#27;[0m
  &amp#27;[32mThen &amp#27;[0m&amp#27;[32mI should see my account&amp#27;[0m                                       &amp#27;[90m# org.wj.prajumsook.StepDefinitions.i_should_see_my_account()&amp#27;[0m
]]></system-out>
  </testcase>
</testsuite>